Jun 24 18:16:44 ayush-ubuntu systemd[1]: getty-static.service - getty on tty2-tty6 if dbus and logind are not available was skipped because of an unmet condition check (ConditionPathExists=!/usr/bin/dbus-daemon).
Jun 24 18:16:44 ayush-ubuntu systemd[1]: Reached target getty.target - Login Prompts.
Jun 24 18:16:44 ayush-ubuntu systemd[1]: Reached target getty-pre.target - Preparation for Logins.
Jun 24 18:16:44 ayush-ubuntu systemd[1]: sssd-sudo.socket: Bound to unit sssd.service, but unit isn't active.
Jun 24 18:16:44 ayush-ubuntu systemd[1]: Dependency failed for sssd-sudo.socket - SSSD Sudo Service responder socket.
Jun 24 18:16:44 ayush-ubuntu systemd[1]: sssd-sudo.socket: Job sssd-sudo.socket/start failed with result 'dependency'.
Jun 24 18:16:44 ayush-ubuntu systemd[1]: Starting systemd-logind.service - User Login Management...
Jun 24 18:16:44 ayush-ubuntu systemd-logind[870]: Watching system buttons on /dev/input/event0 (Power Button)
Jun 24 18:16:44 ayush-ubuntu systemd-logind[870]: Watching system buttons on /dev/input/event1 (Lid Switch)
Jun 24 18:16:44 ayush-ubuntu systemd-logind[870]: Watching system buttons on /dev/input/event2 (AT Translated Set 2 keyboard)
Jun 24 18:16:44 ayush-ubuntu systemd-logind[870]: Watching system buttons on /dev/input/event7 (HP WMI hotkeys)
Jun 24 18:16:44 ayush-ubuntu systemd-logind[870]: New seat seat0.
Jun 24 18:16:44 ayush-ubuntu systemd[1]: Started systemd-logind.service - User Login Management.
Jun 24 18:16:46 ayush-ubuntu systemd-logind[870]: New session c1 of user gdm.
Jun 24 18:16:46 ayush-ubuntu gnome-session[1434]: gnome-session-binary[1434]: WARNING: Could not check if unit gnome-session-wayland@gnome-login.target is active: Error calling StartServiceByName for org.freedesktop.systemd1: Process org.freedesktop.systemd1 exited with status 1
Jun 24 18:16:46 ayush-ubuntu gnome-session-binary[1434]: WARNING: Could not check if unit gnome-session-wayland@gnome-login.target is active: Error calling StartServiceByName for org.freedesktop.systemd1: Process org.freedesktop.systemd1 exited with status 1
Jun 24 18:16:47 ayush-ubuntu gnome-shell[1488]: Unset XDG_SESSION_ID, getCurrentSessionProxy() called outside a user session. Asking logind directly.
Jun 24 18:16:48 ayush-ubuntu polkitd[847]: Registered Authentication Agent for unix-session:c1 (system bus name :1.36 [/usr/bin/gnome-shell], object path /org/freedesktop/PolicyKit1/AuthenticationAgent, locale en_US.UTF-8)
Jun 24 18:16:48 ayush-ubuntu systemd[1]: Starting fprintd.service - Fingerprint Authentication Daemon...
Jun 24 18:16:48 ayush-ubuntu systemd[1]: Started fprintd.service - Fingerprint Authentication Daemon.
Jun 24 18:16:48 ayush-ubuntu kernel: Lockdown: systemd-logind: hibernation is restricted; see man kernel_lockdown.7
Jun 24 18:16:50 ayush-ubuntu kernel: wlo1: authentication with 38:17:c3:c7:f4:d0 timed out
Jun 24 18:16:51 ayush-ubuntu systemd-logind[870]: New session 3 of user ayushadarsh7.
Jun 24 18:16:51 ayush-ubuntu wpa_supplicant[895]: wlo1: CTRL-EVENT-EAP-STARTED EAP authentication started
Jun 24 18:16:52 ayush-ubuntu gdm-password][1969]: gkr-pam: unlocked login keyring
Jun 24 18:16:52 ayush-ubuntu wpa_supplicant[895]: EAP-TTLS: Phase 2 MSCHAPV2 authentication succeeded
Jun 24 18:16:52 ayush-ubuntu wpa_supplicant[895]: wlo1: CTRL-EVENT-EAP-SUCCESS EAP authentication completed successfully
Jun 24 18:16:53 ayush-ubuntu snapd-desktop-i[2328]: Checking session /org/freedesktop/login1/session/c1...
Jun 24 18:16:53 ayush-ubuntu snapd-desktop-i[2328]: Checking session /org/freedesktop/login1/session/_33...
Jun 24 18:16:53 ayush-ubuntu gnome-shell[2282]: Unset XDG_SESSION_ID, getCurrentSessionProxy() called outside a user session. Asking logind directly.
Jun 24 18:16:53 ayush-ubuntu kernel: Lockdown: systemd-logind: hibernation is restricted; see man kernel_lockdown.7
                                                0 inhibit() ["resource:///org/gnome/shell/misc/loginManager.js":209:8]
Jun 24 18:16:54 ayush-ubuntu polkitd[847]: Registered Authentication Agent for unix-session:3 (system bus name :1.77 [/usr/bin/gnome-shell], object path /org/freedesktop/PolicyKit1/AuthenticationAgent, locale en_US.UTF-8)
Jun 24 18:16:55 ayush-ubuntu systemd[1984]: gnome-initial-setup-first-login.service - GNOME Initial Setup was skipped because of an unmet condition check (ConditionPathExists=!/home/ayushadarsh7/.config/gnome-initial-setup-done).
Jun 24 18:16:55 ayush-ubuntu systemd-logind[870]: Session c1 logged out. Waiting for processes to exit.
Jun 24 18:16:55 ayush-ubuntu polkitd[847]: Unregistered Authentication Agent for unix-session:c1 (system bus name :1.36, object path /org/freedesktop/PolicyKit1/AuthenticationAgent, locale en_US.UTF-8) (disconnected from bus)
Jun 24 18:16:55 ayush-ubuntu systemd-logind[870]: Removed session c1.
