Jun 24 18:16:39 ayush-ubuntu kernel: ACPI: thermal: [Firmware Bug]: Invalid critical threshold (-274000)
Jun 24 18:16:39 ayush-ubuntu kernel: RAS: Correctable Errors collector initialized.
Jun 24 18:16:43 ayush-ubuntu systemd[1]: Started apport-autoreport.path - Process error reports when automatic reporting is enabled (file watch).
Jun 24 18:16:43 ayush-ubuntu systemd[1]: Started apport-autoreport.timer - Process error reports when automatic reporting is enabled (timer based).
Jun 24 18:16:46 ayush-ubuntu pipewire[1386]: mod.jackdbus-detect: Failed to receive jackdbus reply: org.freedesktop.DBus.Error.ServiceUnknown: The name org.jackaudio.service was not provided by any .service files
Jun 24 18:16:46 ayush-ubuntu wireplumber[1389]: Failed to get percentage from UPower: org.freedesktop.DBus.Error.NameHasNoOwner
Jun 24 18:16:46 ayush-ubuntu gnome-session[1434]: gnome-session-binary[1434]: WARNING: Could not check if unit gnome-session-wayland@gnome-login.target is active: Error calling StartServiceByName for org.freedesktop.systemd1: Process org.freedesktop.systemd1 exited with status 1
Jun 24 18:16:46 ayush-ubuntu gnome-session-binary[1434]: WARNING: Could not check if unit gnome-session-wayland@gnome-login.target is active: Error calling StartServiceByName for org.freedesktop.systemd1: Process org.freedesktop.systemd1 exited with status 1
Jun 24 18:16:46 ayush-ubuntu wireplumber[1389]: <WpPortalPermissionStorePlugin:0x5d7ccff03870> Failed to call Lookup: GDBus.Error:org.freedesktop.portal.Error.NotFound: No entry for camera
Jun 24 18:16:48 ayush-ubuntu gnome-shell[1488]: Error looking up permission: GDBus.Error:org.freedesktop.portal.Error.NotFound: No entry for geolocation
Jun 24 18:16:48 ayush-ubuntu gsd-sharing[1613]: Failed to StopUnit service: GDBus.Error:org.freedesktop.DBus.Error.Spawn.ChildExited: Process org.freedesktop.systemd1 exited with status 1
Jun 24 18:16:48 ayush-ubuntu gsd-sharing[1613]: Failed to StopUnit service: GDBus.Error:org.freedesktop.DBus.Error.Spawn.ChildExited: Process org.freedesktop.systemd1 exited with status 1
Jun 24 18:16:48 ayush-ubuntu org.gnome.Shell.desktop[1790]: Errors from xkbcomp are not fatal to the X server
Jun 24 18:16:48 ayush-ubuntu gnome-shell[1488]: Failed to query file info on '/var/lib/gdm3/.local/share/icc/.goutputstream-GNFO82': Error when getting information for file “/var/lib/gdm3/.local/share/icc/.goutputstream-GNFO82”: No such file or directory
Jun 24 18:16:48 ayush-ubuntu org.gnome.Shell.desktop[1850]: Errors from xkbcomp are not fatal to the X server
Jun 24 18:16:52 ayush-ubuntu pipewire[2003]: mod.jackdbus-detect: Failed to receive jackdbus reply: org.freedesktop.DBus.Error.ServiceUnknown: The name org.jackaudio.service was not provided by any .service files
Jun 24 18:16:52 ayush-ubuntu gsd-sharing[1613]: Failed to StopUnit service: GDBus.Error:org.freedesktop.DBus.Error.Spawn.ChildExited: Process org.freedesktop.systemd1 exited with status 1
Jun 24 18:16:52 ayush-ubuntu gsd-sharing[1613]: Failed to StopUnit service: GDBus.Error:org.freedesktop.DBus.Error.Spawn.ChildExited: Process org.freedesktop.systemd1 exited with status 1
Jun 24 18:16:52 ayush-ubuntu wireplumber[2008]: <WpPortalPermissionStorePlugin:0x5c0efe0ba2a0> Failed to call Lookup: GDBus.Error:org.freedesktop.portal.Error.NotFound: No entry for camera
Jun 24 18:16:52 ayush-ubuntu gnome-session[2239]: gnome-session-binary[2239]: GnomeDesktop-WARNING: Could not create transient scope for PID 2266: GDBus.Error:org.freedesktop.DBus.Error.UnixProcessIdUnknown: Failed to set unit properties: No such process
Jun 24 18:16:52 ayush-ubuntu gnome-session-binary[2239]: GnomeDesktop-WARNING: Could not create transient scope for PID 2266: GDBus.Error:org.freedesktop.DBus.Error.UnixProcessIdUnknown: Failed to set unit properties: No such process
Jun 24 18:16:52 ayush-ubuntu gnome-session[2239]: gnome-session-binary[2239]: GnomeDesktop-WARNING: Could not create transient scope for PID 2283: GDBus.Error:org.freedesktop.DBus.Error.UnixProcessIdUnknown: Failed to set unit properties: No such process
Jun 24 18:16:52 ayush-ubuntu gnome-session-binary[2239]: GnomeDesktop-WARNING: Could not create transient scope for PID 2283: GDBus.Error:org.freedesktop.DBus.Error.UnixProcessIdUnknown: Failed to set unit properties: No such process
Jun 24 18:16:53 ayush-ubuntu gnome-shell[2282]: Error looking up permission: GDBus.Error:org.freedesktop.portal.Error.NotFound: No entry for geolocation
Jun 24 18:16:53 ayush-ubuntu gnome-session[2239]: gnome-session-binary[2239]: GnomeDesktop-WARNING: Could not create transient scope for PID 2440: GDBus.Error:org.freedesktop.DBus.Error.UnixProcessIdUnknown: Failed to set unit properties: No such process
Jun 24 18:16:53 ayush-ubuntu gnome-session-binary[2239]: GnomeDesktop-WARNING: Could not create transient scope for PID 2440: GDBus.Error:org.freedesktop.DBus.Error.UnixProcessIdUnknown: Failed to set unit properties: No such process
Jun 24 18:16:53 ayush-ubuntu gnome-session[2239]: gnome-session-binary[2239]: GnomeDesktop-WARNING: Could not create transient scope for PID 2474: GDBus.Error:org.freedesktop.DBus.Error.UnixProcessIdUnknown: Failed to set unit properties: No such process
Jun 24 18:16:53 ayush-ubuntu gnome-session-binary[2239]: GnomeDesktop-WARNING: Could not create transient scope for PID 2474: GDBus.Error:org.freedesktop.DBus.Error.UnixProcessIdUnknown: Failed to set unit properties: No such process
Jun 24 18:16:53 ayush-ubuntu at-spi2-registr[2363]: Failed to register client: GDBus.Error:org.gnome.SessionManager.AlreadyRegistered: Unable to register client
Jun 24 18:16:54 ayush-ubuntu gnome-shell[2282]: Failed to import DBusMenu, quicklists are not available: Error: Requiring Dbusmenu, version none: Typelib file for namespace 'Dbusmenu' (any version) not found
Jun 24 18:16:54 ayush-ubuntu gnome-shell[2282]: Failed to import DBusMenu, quicklists are not available: Error: Requiring Dbusmenu, version none: Typelib file for namespace 'Dbusmenu' (any version) not found
Jun 24 18:16:54 ayush-ubuntu gnome-shell[2282]: Failed to import DBusMenu, quicklists are not available: Error: Requiring Dbusmenu, version none: Typelib file for namespace 'Dbusmenu' (any version) not found
Jun 24 18:16:54 ayush-ubuntu gnome-shell[2836]: Errors from xkbcomp are not fatal to the X server
Jun 24 18:16:54 ayush-ubuntu gnome-shell[2858]: Errors from xkbcomp are not fatal to the X server
Jun 24 18:16:55 ayush-ubuntu tracker-miner-fs-3[3146]: (tracker-extract-3:3146): GLib-GIO-WARNING **: 18:16:55.932: Error creating IO channel for /proc/self/mountinfo: Invalid argument (g-io-error-quark, 13)
