Jun 24 18:16:39 ayush-ubuntu kernel: [mem 0xc0000000-0xfe6fffff] available for PCI devices
Jun 24 18:16:39 ayush-ubuntu kernel: Spectre V2 : Enabling Speculation Barrier for firmware calls
Jun 24 18:16:39 ayush-ubuntu kernel: Performance Events: Fam17h+ core perfctr, AMD PMU driver.
Jun 24 18:16:39 ayush-ubuntu kernel: ACPI FADT declares the system doesn't support PCIe ASPM, so disable it
Jun 24 18:16:39 ayush-ubuntu kernel: acpiphp: ACPI Hot Plug PCI Controller Driver version: 0.5
Jun 24 18:16:39 ayush-ubuntu kernel: PCI: ECAM [mem 0xf0000000-0xf7ffffff] (base 0xf0000000) for domain 0000 [bus 00-7f]
Jun 24 18:16:39 ayush-ubuntu kernel: PCI: Using configuration type 1 for base access
Jun 24 18:16:39 ayush-ubuntu kernel: ACPI: [Firmware Bug]: BIOS _OSI(Linux) query ignored
Jun 24 18:16:39 ayush-ubuntu kernel: ACPI: \_SB_.PCI0.SBRG.EC0_: Boot DSDT EC used to handle transactions
Jun 24 18:16:39 ayush-ubuntu kernel: PCI: Using host bridge windows from ACPI; if necessary, use "pci=nocrs" and report a bug
Jun 24 18:16:39 ayush-ubuntu kernel: PCI: Ignoring E820 reservations for host bridge windows
Jun 24 18:16:39 ayush-ubuntu kernel: ACPI: \_SB_.PCI0.GP17.XHC0.P0U0: New power resource
Jun 24 18:16:39 ayush-ubuntu kernel: ACPI: \_SB_.PCI0.GP17.XHC0.P3U0: New power resource
Jun 24 18:16:39 ayush-ubuntu kernel: ACPI: \_SB_.PCI0.GP17.XHC1.P0U1: New power resource
Jun 24 18:16:39 ayush-ubuntu kernel: ACPI: \_SB_.PCI0.GP17.XHC1.P3U1: New power resource
Jun 24 18:16:39 ayush-ubuntu kernel: ACPI: \_SB_.PCI0.GP18.SATA.P0SA: New power resource
Jun 24 18:16:39 ayush-ubuntu kernel: ACPI: \_SB_.PCI0.GP18.SAT1.P0SA: New power resource
Jun 24 18:16:39 ayush-ubuntu kernel: ACPI: \_SB_.PCI0.GPP6.P0NV: New power resource
Jun 24 18:16:39 ayush-ubuntu kernel: ACPI: PCI Root Bridge [PCI0] (domain 0000 [bus 00-ff])
Jun 24 18:16:39 ayush-ubuntu kernel: acpi PNP0A08:00: _OSC: OS now controls [PCIeHotplug PME AER PCIeCapability]
Jun 24 18:16:39 ayush-ubuntu kernel: acpi PNP0A08:00: [Firmware Info]: ECAM [mem 0xf0000000-0xf7ffffff] for domain 0000 [bus 00-7f] only partially covers this bridge
Jun 24 18:16:39 ayush-ubuntu kernel: PCI host bridge to bus 0000:00
Jun 24 18:16:39 ayush-ubuntu kernel: pci_bus 0000:00: root bus resource [io  0x0000-0x03af window]
Jun 24 18:16:39 ayush-ubuntu kernel: pci_bus 0000:00: root bus resource [io  0x03e0-0x0cf7 window]
Jun 24 18:16:39 ayush-ubuntu kernel: pci_bus 0000:00: root bus resource [io  0x03b0-0x03df window]
Jun 24 18:16:39 ayush-ubuntu kernel: pci_bus 0000:00: root bus resource [io  0x0d00-0xffff window]
Jun 24 18:16:39 ayush-ubuntu kernel: pci_bus 0000:00: root bus resource [mem 0x000a0000-0x000dffff window]
Jun 24 18:16:39 ayush-ubuntu kernel: pci_bus 0000:00: root bus resource [mem 0xc0000000-0xfebfffff window]
Jun 24 18:16:39 ayush-ubuntu kernel: pci_bus 0000:00: root bus resource [mem 0xfee00000-0xffffffff window]
Jun 24 18:16:39 ayush-ubuntu kernel: pci_bus 0000:00: root bus resource [bus 00-ff]
Jun 24 18:16:39 ayush-ubuntu kernel: pci 0000:00:00.0: [1022:1630] type 00 class 0x060000 conventional PCI endpoint
Jun 24 18:16:39 ayush-ubuntu kernel: pci 0000:00:00.2: [1022:1631] type 00 class 0x080600 conventional PCI endpoint
Jun 24 18:16:39 ayush-ubuntu kernel: pci 0000:00:01.0: [1022:1632] type 00 class 0x060000 conventional PCI endpoint
Jun 24 18:16:39 ayush-ubuntu kernel: pci 0000:00:02.0: [1022:1632] type 00 class 0x060000 conventional PCI endpoint
Jun 24 18:16:39 ayush-ubuntu kernel: pci 0000:00:02.2: [1022:1634] type 01 class 0x060400 PCIe Root Port
Jun 24 18:16:39 ayush-ubuntu kernel: pci 0000:00:02.2: PCI bridge to [bus 01]
Jun 24 18:16:39 ayush-ubuntu kernel: pci 0000:00:02.2:   bridge window [io  0xf000-0xffff]
Jun 24 18:16:39 ayush-ubuntu kernel: pci 0000:00:02.2:   bridge window [mem 0xfcf00000-0xfcffffff]
Jun 24 18:16:39 ayush-ubuntu kernel: pci 0000:00:02.2: enabling Extended Tags
Jun 24 18:16:39 ayush-ubuntu kernel: pci 0000:00:02.2: PME# supported from D0 D3hot D3cold
Jun 24 18:16:39 ayush-ubuntu kernel: pci 0000:00:02.4: [1022:1634] type 01 class 0x060400 PCIe Root Port
Jun 24 18:16:39 ayush-ubuntu kernel: pci 0000:00:02.4: PCI bridge to [bus 02]
Jun 24 18:16:39 ayush-ubuntu kernel: pci 0000:00:02.4:   bridge window [mem 0xfce00000-0xfcefffff]
Jun 24 18:16:39 ayush-ubuntu kernel: pci 0000:00:02.4: enabling Extended Tags
Jun 24 18:16:39 ayush-ubuntu kernel: pci 0000:00:02.4: PME# supported from D0 D3hot D3cold
Jun 24 18:16:39 ayush-ubuntu kernel: pci 0000:00:08.0: [1022:1632] type 00 class 0x060000 conventional PCI endpoint
Jun 24 18:16:39 ayush-ubuntu kernel: pci 0000:00:08.1: [1022:1635] type 01 class 0x060400 PCIe Root Port
Jun 24 18:16:39 ayush-ubuntu kernel: pci 0000:00:08.1: PCI bridge to [bus 03]
Jun 24 18:16:39 ayush-ubuntu kernel: pci 0000:00:08.1:   bridge window [io  0xe000-0xefff]
Jun 24 18:16:39 ayush-ubuntu kernel: pci 0000:00:08.1:   bridge window [mem 0xfca00000-0xfcdfffff]
Jun 24 18:16:39 ayush-ubuntu kernel: pci 0000:00:08.1:   bridge window [mem 0xd0000000-0xe01fffff 64bit pref]
Jun 24 18:16:39 ayush-ubuntu kernel: pci 0000:00:08.1: enabling Extended Tags
Jun 24 18:16:39 ayush-ubuntu kernel: pci 0000:00:08.1: PME# supported from D0 D3hot D3cold
Jun 24 18:16:39 ayush-ubuntu kernel: pci 0000:00:14.0: [1022:790b] type 00 class 0x0c0500 conventional PCI endpoint
Jun 24 18:16:39 ayush-ubuntu kernel: pci 0000:00:14.3: [1022:790e] type 00 class 0x060100 conventional PCI endpoint
Jun 24 18:16:39 ayush-ubuntu kernel: pci 0000:00:18.0: [1022:1448] type 00 class 0x060000 conventional PCI endpoint
Jun 24 18:16:39 ayush-ubuntu kernel: pci 0000:00:18.1: [1022:1449] type 00 class 0x060000 conventional PCI endpoint
Jun 24 18:16:39 ayush-ubuntu kernel: pci 0000:00:18.2: [1022:144a] type 00 class 0x060000 conventional PCI endpoint
Jun 24 18:16:39 ayush-ubuntu kernel: pci 0000:00:18.3: [1022:144b] type 00 class 0x060000 conventional PCI endpoint
Jun 24 18:16:39 ayush-ubuntu kernel: pci 0000:00:18.4: [1022:144c] type 00 class 0x060000 conventional PCI endpoint
Jun 24 18:16:39 ayush-ubuntu kernel: pci 0000:00:18.5: [1022:144d] type 00 class 0x060000 conventional PCI endpoint
Jun 24 18:16:39 ayush-ubuntu kernel: pci 0000:00:18.6: [1022:144e] type 00 class 0x060000 conventional PCI endpoint
Jun 24 18:16:39 ayush-ubuntu kernel: pci 0000:00:18.7: [1022:144f] type 00 class 0x060000 conventional PCI endpoint
Jun 24 18:16:39 ayush-ubuntu kernel: pci 0000:01:00.0: [10ec:c822] type 00 class 0x028000 PCIe Endpoint
Jun 24 18:16:39 ayush-ubuntu kernel: pci 0000:01:00.0: BAR 0 [io  0xf000-0xf0ff]
Jun 24 18:16:39 ayush-ubuntu kernel: pci 0000:01:00.0: BAR 2 [mem 0xfcf00000-0xfcf0ffff 64bit]
Jun 24 18:16:39 ayush-ubuntu kernel: pci 0000:01:00.0: supports D1 D2
Jun 24 18:16:39 ayush-ubuntu kernel: pci 0000:01:00.0: PME# supported from D0 D1 D2 D3hot D3cold
Jun 24 18:16:39 ayush-ubuntu kernel: pci 0000:00:02.2: PCI bridge to [bus 01]
Jun 24 18:16:39 ayush-ubuntu kernel: pci 0000:02:00.0: [1c5c:174a] type 00 class 0x010802 PCIe Endpoint
Jun 24 18:16:39 ayush-ubuntu kernel: pci 0000:02:00.0: BAR 0 [mem 0xfce00000-0xfce03fff 64bit]
Jun 24 18:16:39 ayush-ubuntu kernel: pci 0000:02:00.0: BAR 2 [mem 0xfce05000-0xfce05fff]
Jun 24 18:16:39 ayush-ubuntu kernel: pci 0000:02:00.0: BAR 3 [mem 0xfce04000-0xfce04fff]
Jun 24 18:16:39 ayush-ubuntu kernel: pci 0000:00:02.4: PCI bridge to [bus 02]
Jun 24 18:16:39 ayush-ubuntu kernel: pci 0000:03:00.0: [1002:164c] type 00 class 0x030000 PCIe Legacy Endpoint
Jun 24 18:16:39 ayush-ubuntu kernel: pci 0000:03:00.0: BAR 0 [mem 0xd0000000-0xdfffffff 64bit pref]
Jun 24 18:16:39 ayush-ubuntu kernel: pci 0000:03:00.0: BAR 2 [mem 0xe0000000-0xe01fffff 64bit pref]
Jun 24 18:16:39 ayush-ubuntu kernel: pci 0000:03:00.0: BAR 4 [io  0xe000-0xe0ff]
Jun 24 18:16:39 ayush-ubuntu kernel: pci 0000:03:00.0: BAR 5 [mem 0xfcd00000-0xfcd7ffff]
Jun 24 18:16:39 ayush-ubuntu kernel: pci 0000:03:00.0: enabling Extended Tags
Jun 24 18:16:39 ayush-ubuntu kernel: pci 0000:03:00.0: PME# supported from D1 D2 D3hot D3cold
Jun 24 18:16:39 ayush-ubuntu kernel: pci 0000:03:00.0: 126.016 Gb/s available PCIe bandwidth, limited by 8.0 GT/s PCIe x16 link at 0000:00:08.1 (capable of 252.048 Gb/s with 16.0 GT/s PCIe x16 link)
Jun 24 18:16:39 ayush-ubuntu kernel: pci 0000:03:00.1: [1002:1637] type 00 class 0x040300 PCIe Legacy Endpoint
Jun 24 18:16:39 ayush-ubuntu kernel: pci 0000:03:00.1: BAR 0 [mem 0xfcdc8000-0xfcdcbfff]
Jun 24 18:16:39 ayush-ubuntu kernel: pci 0000:03:00.1: enabling Extended Tags
Jun 24 18:16:39 ayush-ubuntu kernel: pci 0000:03:00.1: PME# supported from D1 D2 D3hot D3cold
Jun 24 18:16:39 ayush-ubuntu kernel: pci 0000:03:00.2: [1022:15df] type 00 class 0x108000 PCIe Endpoint
Jun 24 18:16:39 ayush-ubuntu kernel: pci 0000:03:00.2: BAR 2 [mem 0xfcc00000-0xfccfffff]
Jun 24 18:16:39 ayush-ubuntu kernel: pci 0000:03:00.2: BAR 5 [mem 0xfcdcc000-0xfcdcdfff]
Jun 24 18:16:39 ayush-ubuntu kernel: pci 0000:03:00.2: enabling Extended Tags
Jun 24 18:16:39 ayush-ubuntu kernel: pci 0000:03:00.3: [1022:1639] type 00 class 0x0c0330 PCIe Endpoint
Jun 24 18:16:39 ayush-ubuntu kernel: pci 0000:03:00.3: BAR 0 [mem 0xfcb00000-0xfcbfffff 64bit]
Jun 24 18:16:39 ayush-ubuntu kernel: pci 0000:03:00.3: enabling Extended Tags
Jun 24 18:16:39 ayush-ubuntu kernel: pci 0000:03:00.3: PME# supported from D0 D3hot D3cold
Jun 24 18:16:39 ayush-ubuntu kernel: pci 0000:03:00.4: [1022:1639] type 00 class 0x0c0330 PCIe Endpoint
Jun 24 18:16:39 ayush-ubuntu kernel: pci 0000:03:00.4: BAR 0 [mem 0xfca00000-0xfcafffff 64bit]
Jun 24 18:16:39 ayush-ubuntu kernel: pci 0000:03:00.4: enabling Extended Tags
Jun 24 18:16:39 ayush-ubuntu kernel: pci 0000:03:00.4: PME# supported from D0 D3hot D3cold
Jun 24 18:16:39 ayush-ubuntu kernel: pci 0000:03:00.5: [1022:15e2] type 00 class 0x048000 PCIe Endpoint
Jun 24 18:16:39 ayush-ubuntu kernel: pci 0000:03:00.5: BAR 0 [mem 0xfcd80000-0xfcdbffff]
Jun 24 18:16:39 ayush-ubuntu kernel: pci 0000:03:00.5: enabling Extended Tags
Jun 24 18:16:39 ayush-ubuntu kernel: pci 0000:03:00.5: PME# supported from D0 D3hot D3cold
Jun 24 18:16:39 ayush-ubuntu kernel: pci 0000:03:00.6: [1022:15e3] type 00 class 0x040300 PCIe Endpoint
Jun 24 18:16:39 ayush-ubuntu kernel: pci 0000:03:00.6: BAR 0 [mem 0xfcdc0000-0xfcdc7fff]
Jun 24 18:16:39 ayush-ubuntu kernel: pci 0000:03:00.6: enabling Extended Tags
Jun 24 18:16:39 ayush-ubuntu kernel: pci 0000:03:00.6: PME# supported from D0 D3hot D3cold
Jun 24 18:16:39 ayush-ubuntu kernel: pci 0000:00:08.1: PCI bridge to [bus 03]
Jun 24 18:16:39 ayush-ubuntu kernel: ACPI: PCI: Interrupt link LNKA configured for IRQ 0
Jun 24 18:16:39 ayush-ubuntu kernel: ACPI: PCI: Interrupt link LNKB configured for IRQ 0
Jun 24 18:16:39 ayush-ubuntu kernel: ACPI: PCI: Interrupt link LNKC configured for IRQ 0
Jun 24 18:16:39 ayush-ubuntu kernel: ACPI: PCI: Interrupt link LNKD configured for IRQ 0
Jun 24 18:16:39 ayush-ubuntu kernel: ACPI: PCI: Interrupt link LNKE configured for IRQ 0
Jun 24 18:16:39 ayush-ubuntu kernel: ACPI: PCI: Interrupt link LNKF configured for IRQ 0
Jun 24 18:16:39 ayush-ubuntu kernel: ACPI: PCI: Interrupt link LNKG configured for IRQ 0
Jun 24 18:16:39 ayush-ubuntu kernel: ACPI: PCI: Interrupt link LNKH configured for IRQ 0
Jun 24 18:16:39 ayush-ubuntu kernel: ACPI: \_SB_.PCI0.SBRG.EC0_: Boot DSDT EC initialization complete
Jun 24 18:16:39 ayush-ubuntu kernel: ACPI: \_SB_.PCI0.SBRG.EC0_: EC: Used to handle transactions and events
Jun 24 18:16:39 ayush-ubuntu kernel: ACPI: bus type USB registered
Jun 24 18:16:39 ayush-ubuntu kernel: usbcore: registered new interface driver usbfs
Jun 24 18:16:39 ayush-ubuntu kernel: usbcore: registered new interface driver hub
Jun 24 18:16:39 ayush-ubuntu kernel: usbcore: registered new device driver usb
Jun 24 18:16:39 ayush-ubuntu kernel: PCI: Using ACPI for IRQ routing
Jun 24 18:16:39 ayush-ubuntu kernel: PCI: pci_cache_line_size set to 64 bytes
Jun 24 18:16:39 ayush-ubuntu kernel: pci 0000:03:00.0: vgaarb: setting as boot VGA device
Jun 24 18:16:39 ayush-ubuntu kernel: pci 0000:03:00.0: vgaarb: bridge control possible
Jun 24 18:16:39 ayush-ubuntu kernel: pci 0000:03:00.0: vgaarb: VGA device added: decodes=io+mem,owns=none,locks=none
Jun 24 18:16:39 ayush-ubuntu kernel: pci 0000:00:02.2: PCI bridge to [bus 01]
Jun 24 18:16:39 ayush-ubuntu kernel: pci 0000:00:02.2:   bridge window [io  0xf000-0xffff]
Jun 24 18:16:39 ayush-ubuntu kernel: pci 0000:00:02.2:   bridge window [mem 0xfcf00000-0xfcffffff]
Jun 24 18:16:39 ayush-ubuntu kernel: pci 0000:00:02.4: PCI bridge to [bus 02]
Jun 24 18:16:39 ayush-ubuntu kernel: pci 0000:00:02.4:   bridge window [mem 0xfce00000-0xfcefffff]
Jun 24 18:16:39 ayush-ubuntu kernel: pci 0000:00:08.1: PCI bridge to [bus 03]
Jun 24 18:16:39 ayush-ubuntu kernel: pci 0000:00:08.1:   bridge window [io  0xe000-0xefff]
Jun 24 18:16:39 ayush-ubuntu kernel: pci 0000:00:08.1:   bridge window [mem 0xfca00000-0xfcdfffff]
Jun 24 18:16:39 ayush-ubuntu kernel: pci 0000:00:08.1:   bridge window [mem 0xd0000000-0xe01fffff 64bit pref]
Jun 24 18:16:39 ayush-ubuntu kernel: pci_bus 0000:00: resource 4 [io  0x0000-0x03af window]
Jun 24 18:16:39 ayush-ubuntu kernel: pci_bus 0000:00: resource 5 [io  0x03e0-0x0cf7 window]
Jun 24 18:16:39 ayush-ubuntu kernel: pci_bus 0000:00: resource 6 [io  0x03b0-0x03df window]
Jun 24 18:16:39 ayush-ubuntu kernel: pci_bus 0000:00: resource 7 [io  0x0d00-0xffff window]
Jun 24 18:16:39 ayush-ubuntu kernel: pci_bus 0000:00: resource 8 [mem 0x000a0000-0x000dffff window]
Jun 24 18:16:39 ayush-ubuntu kernel: pci_bus 0000:00: resource 9 [mem 0xc0000000-0xfebfffff window]
Jun 24 18:16:39 ayush-ubuntu kernel: pci_bus 0000:00: resource 10 [mem 0xfee00000-0xffffffff window]
Jun 24 18:16:39 ayush-ubuntu kernel: pci_bus 0000:01: resource 0 [io  0xf000-0xffff]
Jun 24 18:16:39 ayush-ubuntu kernel: pci_bus 0000:01: resource 1 [mem 0xfcf00000-0xfcffffff]
Jun 24 18:16:39 ayush-ubuntu kernel: pci_bus 0000:02: resource 1 [mem 0xfce00000-0xfcefffff]
Jun 24 18:16:39 ayush-ubuntu kernel: pci_bus 0000:03: resource 0 [io  0xe000-0xefff]
Jun 24 18:16:39 ayush-ubuntu kernel: pci_bus 0000:03: resource 1 [mem 0xfca00000-0xfcdfffff]
Jun 24 18:16:39 ayush-ubuntu kernel: pci_bus 0000:03: resource 2 [mem 0xd0000000-0xe01fffff 64bit pref]
Jun 24 18:16:39 ayush-ubuntu kernel: pci 0000:03:00.1: D0 power state depends on 0000:03:00.0
Jun 24 18:16:39 ayush-ubuntu kernel: pci 0000:03:00.3: extending delay after power-on from D3hot to 20 msec
Jun 24 18:16:39 ayush-ubuntu kernel: pci 0000:03:00.4: extending delay after power-on from D3hot to 20 msec
Jun 24 18:16:39 ayush-ubuntu kernel: PCI: CLS 64 bytes, default 64
Jun 24 18:16:39 ayush-ubuntu kernel: pci 0000:00:00.2: AMD-Vi: IOMMU performance counters supported
Jun 24 18:16:39 ayush-ubuntu kernel: pci 0000:00:01.0: Adding to iommu group 0
Jun 24 18:16:39 ayush-ubuntu kernel: pci 0000:00:02.0: Adding to iommu group 1
Jun 24 18:16:39 ayush-ubuntu kernel: pci 0000:00:02.2: Adding to iommu group 2
Jun 24 18:16:39 ayush-ubuntu kernel: pci 0000:00:02.4: Adding to iommu group 3
Jun 24 18:16:39 ayush-ubuntu kernel: pci 0000:00:08.0: Adding to iommu group 4
Jun 24 18:16:39 ayush-ubuntu kernel: pci 0000:00:08.1: Adding to iommu group 5
Jun 24 18:16:39 ayush-ubuntu kernel: pci 0000:00:14.0: Adding to iommu group 6
Jun 24 18:16:39 ayush-ubuntu kernel: pci 0000:00:14.3: Adding to iommu group 6
Jun 24 18:16:39 ayush-ubuntu kernel: pci 0000:00:18.0: Adding to iommu group 7
Jun 24 18:16:39 ayush-ubuntu kernel: pci 0000:00:18.1: Adding to iommu group 7
Jun 24 18:16:39 ayush-ubuntu kernel: pci 0000:00:18.2: Adding to iommu group 7
Jun 24 18:16:39 ayush-ubuntu kernel: pci 0000:00:18.3: Adding to iommu group 7
Jun 24 18:16:39 ayush-ubuntu kernel: pci 0000:00:18.4: Adding to iommu group 7
Jun 24 18:16:39 ayush-ubuntu kernel: pci 0000:00:18.5: Adding to iommu group 7
Jun 24 18:16:39 ayush-ubuntu kernel: pci 0000:00:18.6: Adding to iommu group 7
Jun 24 18:16:39 ayush-ubuntu kernel: pci 0000:00:18.7: Adding to iommu group 7
Jun 24 18:16:39 ayush-ubuntu kernel: pci 0000:01:00.0: Adding to iommu group 8
Jun 24 18:16:39 ayush-ubuntu kernel: pci 0000:02:00.0: Adding to iommu group 9
Jun 24 18:16:39 ayush-ubuntu kernel: pci 0000:03:00.0: Adding to iommu group 10
Jun 24 18:16:39 ayush-ubuntu kernel: pci 0000:03:00.1: Adding to iommu group 11
Jun 24 18:16:39 ayush-ubuntu kernel: pci 0000:03:00.2: Adding to iommu group 12
Jun 24 18:16:39 ayush-ubuntu kernel: pci 0000:03:00.3: Adding to iommu group 13
Jun 24 18:16:39 ayush-ubuntu kernel: pci 0000:03:00.4: Adding to iommu group 14
Jun 24 18:16:39 ayush-ubuntu kernel: pci 0000:03:00.5: Adding to iommu group 15
Jun 24 18:16:39 ayush-ubuntu kernel: pci 0000:03:00.6: Adding to iommu group 16
Jun 24 18:16:39 ayush-ubuntu kernel: PCI-DMA: Using software bounce buffering for IO (SWIOTLB)
Jun 24 18:16:39 ayush-ubuntu kernel: Block layer SCSI generic (bsg) driver version 0.4 loaded (major 243)
Jun 24 18:16:39 ayush-ubuntu kernel: pcieport 0000:00:02.2: PME: Signaling with IRQ 35
Jun 24 18:16:39 ayush-ubuntu kernel: pcieport 0000:00:02.4: PME: Signaling with IRQ 36
Jun 24 18:16:39 ayush-ubuntu kernel: pcieport 0000:00:08.1: PME: Signaling with IRQ 37
Jun 24 18:16:39 ayush-ubuntu kernel: shpchp: Standard Hot Plug PCI Controller Driver version: 0.4
Jun 24 18:16:39 ayush-ubuntu kernel: ACPI: thermal: [Firmware Bug]: Invalid critical threshold (-274000)
Jun 24 18:16:39 ayush-ubuntu kernel: Serial: 8250/16550 driver, 32 ports, IRQ sharing enabled
Jun 24 18:16:39 ayush-ubuntu kernel: tun: Universal TUN/TAP device driver, 1.6
Jun 24 18:16:39 ayush-ubuntu kernel: PPP generic driver version 2.4.2
Jun 24 18:16:39 ayush-ubuntu kernel: i2c_dev: i2c /dev entries driver
Jun 24 18:16:39 ayush-ubuntu kernel: hid: raw HID events driver (C) Jiri Kosina
Jun 24 18:16:39 ayush-ubuntu kernel: wmi_bus wmi_bus-PNP0C14:00: [Firmware Info]: 8F1F6436-9F42-42C8-BADC-0E9424F20C9A has zero instances
Jun 24 18:16:39 ayush-ubuntu kernel: wmi_bus wmi_bus-PNP0C14:00: [Firmware Info]: 8F1F6435-9F42-42C8-BADC-0E9424F20C9A has zero instances
Jun 24 18:16:39 ayush-ubuntu kernel: wmi_bus wmi_bus-PNP0C14:00: [Firmware Info]: 7391A661-223A-47DB-A77A-7BE84C60822D has zero instances
Jun 24 18:16:39 ayush-ubuntu kernel: wmi_bus wmi_bus-PNP0C14:00: [Firmware Info]: DF4E63B6-3BBC-4858-9737-C74F82F821F3 has zero instances
Jun 24 18:16:39 ayush-ubuntu kernel: xhci_hcd 0000:03:00.3: new USB bus registered, assigned bus number 1
Jun 24 18:16:39 ayush-ubuntu kernel: xhci_hcd 0000:03:00.3: new USB bus registered, assigned bus number 2
Jun 24 18:16:39 ayush-ubuntu kernel: xhci_hcd 0000:03:00.3: Host supports USB 3.1 Enhanced SuperSpeed
Jun 24 18:16:39 ayush-ubuntu kernel: usb usb1: New USB device found, idVendor=1d6b, idProduct=0002, bcdDevice= 6.11
Jun 24 18:16:39 ayush-ubuntu kernel: usb usb1: New USB device strings: Mfr=3, Product=2, SerialNumber=1
Jun 24 18:16:39 ayush-ubuntu kernel: usb usb1: Product: xHCI Host Controller
Jun 24 18:16:39 ayush-ubuntu kernel: usb usb1: Manufacturer: Linux 6.11.0-26-generic xhci-hcd
Jun 24 18:16:39 ayush-ubuntu kernel: usb usb1: SerialNumber: 0000:03:00.3
Jun 24 18:16:39 ayush-ubuntu kernel: hub 1-0:1.0: USB hub found
Jun 24 18:16:39 ayush-ubuntu kernel: usb usb2: We don't know the algorithms for LPM for this host, disabling LPM.
Jun 24 18:16:39 ayush-ubuntu kernel: usb usb2: New USB device found, idVendor=1d6b, idProduct=0003, bcdDevice= 6.11
Jun 24 18:16:39 ayush-ubuntu kernel: usb usb2: New USB device strings: Mfr=3, Product=2, SerialNumber=1
Jun 24 18:16:39 ayush-ubuntu kernel: usb usb2: Product: xHCI Host Controller
Jun 24 18:16:39 ayush-ubuntu kernel: usb usb2: Manufacturer: Linux 6.11.0-26-generic xhci-hcd
Jun 24 18:16:39 ayush-ubuntu kernel: usb usb2: SerialNumber: 0000:03:00.3
Jun 24 18:16:39 ayush-ubuntu kernel: hub 2-0:1.0: USB hub found
Jun 24 18:16:39 ayush-ubuntu kernel: xhci_hcd 0000:03:00.4: new USB bus registered, assigned bus number 3
Jun 24 18:16:39 ayush-ubuntu kernel: xhci_hcd 0000:03:00.4: new USB bus registered, assigned bus number 4
Jun 24 18:16:39 ayush-ubuntu kernel: xhci_hcd 0000:03:00.4: Host supports USB 3.1 Enhanced SuperSpeed
Jun 24 18:16:39 ayush-ubuntu kernel: usb usb3: New USB device found, idVendor=1d6b, idProduct=0002, bcdDevice= 6.11
Jun 24 18:16:39 ayush-ubuntu kernel: usb usb3: New USB device strings: Mfr=3, Product=2, SerialNumber=1
Jun 24 18:16:39 ayush-ubuntu kernel: usb usb3: Product: xHCI Host Controller
Jun 24 18:16:39 ayush-ubuntu kernel: usb usb3: Manufacturer: Linux 6.11.0-26-generic xhci-hcd
Jun 24 18:16:39 ayush-ubuntu kernel: usb usb3: SerialNumber: 0000:03:00.4
Jun 24 18:16:39 ayush-ubuntu kernel: hub 3-0:1.0: USB hub found
Jun 24 18:16:39 ayush-ubuntu kernel: usb usb4: We don't know the algorithms for LPM for this host, disabling LPM.
Jun 24 18:16:39 ayush-ubuntu kernel: usb usb4: New USB device found, idVendor=1d6b, idProduct=0003, bcdDevice= 6.11
Jun 24 18:16:39 ayush-ubuntu kernel: usb usb4: New USB device strings: Mfr=3, Product=2, SerialNumber=1
Jun 24 18:16:39 ayush-ubuntu kernel: usb usb4: Product: xHCI Host Controller
Jun 24 18:16:39 ayush-ubuntu kernel: usb usb4: Manufacturer: Linux 6.11.0-26-generic xhci-hcd
Jun 24 18:16:39 ayush-ubuntu kernel: usb usb4: SerialNumber: 0000:03:00.4
Jun 24 18:16:39 ayush-ubuntu kernel: hub 4-0:1.0: USB hub found
Jun 24 18:16:39 ayush-ubuntu kernel: nvme 0000:02:00.0: platform quirk: setting simple suspend
Jun 24 18:16:39 ayush-ubuntu kernel: nvme nvme0: pci function 0000:02:00.0
Jun 24 18:16:39 ayush-ubuntu kernel: nvme nvme0: 12/0/0 default/read/poll queues
Jun 24 18:16:39 ayush-ubuntu kernel: nvme nvme0: Ignoring bogus Namespace Identifiers
Jun 24 18:16:39 ayush-ubuntu kernel:  nvme0n1: p1 p2 p3 p4 p5
Jun 24 18:16:39 ayush-ubuntu kernel: usb 1-3: new high-speed USB device number 2 using xhci_hcd
Jun 24 18:16:39 ayush-ubuntu kernel: EXT4-fs (nvme0n1p4): mounted filesystem 4947db02-b9a6-4ed2-83a9-4c7d9ea23b2e ro with ordered data mode. Quota mode: none.
Jun 24 18:16:39 ayush-ubuntu kernel: usb 1-3: New USB device found, idVendor=30c9, idProduct=0013, bcdDevice= 0.01
Jun 24 18:16:39 ayush-ubuntu kernel: usb 1-3: New USB device strings: Mfr=3, Product=1, SerialNumber=2
Jun 24 18:16:39 ayush-ubuntu kernel: usb 1-3: Product: HP TrueVision HD Camera
Jun 24 18:16:39 ayush-ubuntu kernel: usb 1-3: Manufacturer: DJKCVA1BIHQSFF
Jun 24 18:16:39 ayush-ubuntu kernel: usb 1-3: SerialNumber: 0001
Jun 24 18:16:39 ayush-ubuntu kernel: usb 1-4: new full-speed USB device number 3 using xhci_hcd
Jun 24 18:16:39 ayush-ubuntu kernel: usb 1-4: New USB device found, idVendor=0bda, idProduct=b00c, bcdDevice= 0.00
Jun 24 18:16:39 ayush-ubuntu kernel: usb 1-4: New USB device strings: Mfr=1, Product=2, SerialNumber=3
Jun 24 18:16:39 ayush-ubuntu kernel: usb 1-4: Product: Bluetooth Radio
Jun 24 18:16:39 ayush-ubuntu kernel: usb 1-4: Manufacturer: Realtek
Jun 24 18:16:39 ayush-ubuntu kernel: usb 1-4: SerialNumber: 00e04c000001
Jun 24 18:16:39 ayush-ubuntu kernel: EXT4-fs (nvme0n1p4): re-mounted 4947db02-b9a6-4ed2-83a9-4c7d9ea23b2e r/w. Quota mode: none.
Jun 24 18:16:39 ayush-ubuntu kernel: lp: driver loaded but no devices found
Jun 24 18:16:39 ayush-ubuntu kernel: ppdev: user-space parallel port driver
Jun 24 18:16:39 ayush-ubuntu systemd[1]: Mounting snap-firmware\x2dupdater-127.mount - Mount unit for firmware-updater, revision 127...
Jun 24 18:16:39 ayush-ubuntu systemd[1]: Mounting snap-firmware\x2dupdater-167.mount - Mount unit for firmware-updater, revision 167...
Jun 24 18:16:39 ayush-ubuntu systemd[1]: Mounted snap-firmware\x2dupdater-127.mount - Mount unit for firmware-updater, revision 127.
Jun 24 18:16:39 ayush-ubuntu systemd[1]: Mounted snap-firmware\x2dupdater-167.mount - Mount unit for firmware-updater, revision 167.
Jun 24 18:16:39 ayush-ubuntu (udev-worker)[494]: nvme0n1: Process '/usr/bin/unshare -m /usr/bin/snap auto-import --mount=/dev/nvme0n1' failed with exit code 1.
Jun 24 18:16:39 ayush-ubuntu (udev-worker)[478]: nvme0n1p4: Process '/usr/bin/unshare -m /usr/bin/snap auto-import --mount=/dev/nvme0n1p4' failed with exit code 1.
Jun 24 18:16:39 ayush-ubuntu (udev-worker)[490]: nvme0n1p2: Process '/usr/bin/unshare -m /usr/bin/snap auto-import --mount=/dev/nvme0n1p2' failed with exit code 1.
Jun 24 18:16:39 ayush-ubuntu kernel: Using s2idle quirk to avoid HP Laptop 15s-eq2xxx platform firmware bug
Jun 24 18:16:39 ayush-ubuntu (udev-worker)[491]: nvme0n1p5: Process '/usr/bin/unshare -m /usr/bin/snap auto-import --mount=/dev/nvme0n1p5' failed with exit code 1.
Jun 24 18:16:39 ayush-ubuntu (udev-worker)[494]: nvme0n1p1: Process '/usr/bin/unshare -m /usr/bin/snap auto-import --mount=/dev/nvme0n1p1' failed with exit code 1.
Jun 24 18:16:40 ayush-ubuntu (udev-worker)[524]: nvme0n1p3: Process '/usr/bin/unshare -m /usr/bin/snap auto-import --mount=/dev/nvme0n1p3' failed with exit code 1.
Jun 24 18:16:40 ayush-ubuntu kernel: usbcore: registered new interface driver btusb
Jun 24 18:16:40 ayush-ubuntu mtp-probe[553]: checking bus 1, device 2: "/sys/devices/pci0000:00/0000:00:08.1/0000:03:00.3/usb1/1-3"
Jun 24 18:16:40 ayush-ubuntu systemd-fsck[555]: /dev/nvme0n1p1: 249 files, 24031/65536 clusters
Jun 24 18:16:40 ayush-ubuntu kernel: snd_rn_pci_acp3x: unknown parameter 'dmic_en' ignored
Jun 24 18:16:40 ayush-ubuntu kernel: snd_rn_pci_acp3x 0000:03:00.5: enabling device (0000 -> 0002)
Jun 24 18:16:40 ayush-ubuntu kernel: usb 1-3: Found UVC 1.00 device HP TrueVision HD Camera (30c9:0013)
Jun 24 18:16:40 ayush-ubuntu kernel: rtw_8822ce 0000:01:00.0: WOW Firmware version 9.9.4, H2C version 15
Jun 24 18:16:40 ayush-ubuntu kernel: rtw_8822ce 0000:01:00.0: Firmware version 9.9.15, H2C version 15
Jun 24 18:16:40 ayush-ubuntu kernel: usbcore: registered new interface driver uvcvideo
Jun 24 18:16:40 ayush-ubuntu kernel: input: HD-Audio Generic HDMI/DP,pcm=3 as /devices/pci0000:00/0000:00:08.1/0000:03:00.1/sound/card0/input12
Jun 24 18:16:45 ayush-ubuntu kernel: [drm] PCIE GART of 1024M enabled.
Jun 24 18:16:45 ayush-ubuntu kernel: [drm] Loading DMUB firmware via PSP: version=0x01010028
Jun 24 18:16:45 ayush-ubuntu kernel: [drm] Found VCN firmware Version ENC: 1.21 DEC: 7 VEP: 0 Revision: 2
Jun 24 18:16:45 ayush-ubuntu snapd-apparmor[797]: main.go:146: Loading profiles [/var/lib/snapd/apparmor/profiles/snap-confine.snapd.24505 /var/lib/snapd/apparmor/profiles/snap-confine.snapd.24718 /var/lib/snapd/apparmor/profiles/snap-update-ns.firefox /var/lib/snapd/apparmor/profiles/snap-update-ns.firmware-updater /var/lib/snapd/apparmor/profiles/snap-update-ns.snap-store /var/lib/snapd/apparmor/profiles/snap-update-ns.snapd-desktop-integration /var/lib/snapd/apparmor/profiles/snap-update-ns.vlc /var/lib/snapd/apparmor/profiles/snap.firefox.firefox /var/lib/snapd/apparmor/profiles/snap.firefox.geckodriver /var/lib/snapd/apparmor/profiles/snap.firefox.hook.configure /var/lib/snapd/apparmor/profiles/snap.firefox.hook.disconnect-plug-host-hunspell /var/lib/snapd/apparmor/profiles/snap.firefox.hook.install /var/lib/snapd/apparmor/profiles/snap.firefox.hook.post-refresh /var/lib/snapd/apparmor/profiles/snap.firmware-updater.firmware-notifier /var/lib/snapd/apparmor/profiles/snap.firmware-updater.firmware-updater /var/lib/snapd/apparmor/profiles/snap.firmware-updater.firmware-updater-app /var/lib/snapd/apparmor/profiles/snap.firmware-updater.hook.configure /var/lib/snapd/apparmor/profiles/snap.snap-store.hook.configure /var/lib/snapd/apparmor/profiles/snap.snap-store.show-updates /var/lib/snapd/apparmor/profiles/snap.snap-store.snap-store /var/lib/snapd/apparmor/profiles/snap.snapd-desktop-integration.hook.configure /var/lib/snapd/apparmor/profiles/snap.snapd-desktop-integration.snapd-desktop-integration /var/lib/snapd/apparmor/profiles/snap.vlc.vlc]
Jun 24 18:16:44 ayush-ubuntu bluetoothd[840]: profiles/sap/server.c:sap_server_register() Sap driver initialization failed.
Jun 24 18:16:45 ayush-ubuntu sbkeysync[907]: firmware keys:
Jun 24 18:16:44 ayush-ubuntu NetworkManager[894]: <info>  [1750769204.2957] manager[0x629d2ecb3950]: monitoring kernel firmware directory '/lib/firmware'.
Jun 24 18:16:44 ayush-ubuntu NetworkManager[894]: <info>  [1750769204.3910] rfkill1: found Wi-Fi radio killswitch (at /sys/devices/pci0000:00/0000:00:02.2/0000:01:00.0/ieee80211/phy0/rfkill1) (driver rtw_8822ce)
Jun 24 18:16:44 ayush-ubuntu NetworkManager[894]: <info>  [1750769204.9825] device (wlo1): driver supports Access Point (AP) mode
Jun 24 18:16:46 ayush-ubuntu systemd[1344]: Started snap.firmware-updater.firmware-notifier.timer - Timer firmware-notifier for snap application firmware-updater.firmware-notifier.
Jun 24 18:16:48 ayush-ubuntu ModemManager[992]: <msg> [base-manager] couldn't check support for device '/sys/devices/pci0000:00/0000:00:02.2/0000:01:00.0': not supported by any plugin
Jun 24 18:16:51 ayush-ubuntu systemd[1984]: Started snap.firmware-updater.firmware-notifier.timer - Timer firmware-notifier for snap application firmware-updater.firmware-notifier.
Jun 24 18:16:52 ayush-ubuntu systemd[1]: Startup finished in 3.964s (firmware) + 6.877s (loader) + 1.481s (kernel) + 13.127s (userspace) = 25.451s.
Jun 24 18:16:53 ayush-ubuntu systemd[1984]: Dependency failed for org.gnome.SettingsDaemon.XSettings.service - GNOME XSettings service.
Jun 24 18:16:53 ayush-ubuntu systemd[1984]: org.gnome.SettingsDaemon.XSettings.service: Job org.gnome.SettingsDaemon.XSettings.service/start failed with result 'dependency'.
Jun 24 18:16:53 ayush-ubuntu systemd[1984]: Reached target org.gnome.SettingsDaemon.XSettings.target - GNOME XSettings target.
Jun 24 18:16:53 ayush-ubuntu systemd[1984]: Starting org.gnome.SettingsDaemon.A11ySettings.service - GNOME accessibility service...
Jun 24 18:16:53 ayush-ubuntu systemd[1984]: Starting org.gnome.SettingsDaemon.Color.service - GNOME color management service...
Jun 24 18:16:53 ayush-ubuntu systemd[1984]: Starting org.gnome.SettingsDaemon.Datetime.service - GNOME date & time service...
Jun 24 18:16:53 ayush-ubuntu systemd[1984]: Starting org.gnome.SettingsDaemon.Housekeeping.service - GNOME maintenance of expirable data service...
Jun 24 18:16:53 ayush-ubuntu systemd[1984]: Starting org.gnome.SettingsDaemon.Keyboard.service - GNOME keyboard configuration service...
Jun 24 18:16:53 ayush-ubuntu systemd[1984]: Starting org.gnome.SettingsDaemon.MediaKeys.service - GNOME keyboard shortcuts service...
Jun 24 18:16:53 ayush-ubuntu systemd[1984]: Starting org.gnome.SettingsDaemon.Power.service - GNOME power management service...
Jun 24 18:16:53 ayush-ubuntu systemd[1984]: Starting org.gnome.SettingsDaemon.PrintNotifications.service - GNOME printer notifications service...
Jun 24 18:16:53 ayush-ubuntu systemd[1984]: Starting org.gnome.SettingsDaemon.Rfkill.service - GNOME RFKill support service...
Jun 24 18:16:53 ayush-ubuntu systemd[1984]: Starting org.gnome.SettingsDaemon.ScreensaverProxy.service - GNOME FreeDesktop screensaver service...
Jun 24 18:16:53 ayush-ubuntu systemd[1984]: Starting org.gnome.SettingsDaemon.Sharing.service - GNOME file sharing service...
Jun 24 18:16:53 ayush-ubuntu systemd[1984]: Starting org.gnome.SettingsDaemon.Smartcard.service - GNOME smartcard service...
Jun 24 18:16:53 ayush-ubuntu systemd[1984]: Starting org.gnome.SettingsDaemon.Sound.service - GNOME sound sample caching service...
Jun 24 18:16:53 ayush-ubuntu systemd[1984]: Starting org.gnome.SettingsDaemon.Wacom.service - GNOME Wacom tablet support service...
Jun 24 18:16:53 ayush-ubuntu systemd[1984]: Started org.gnome.SettingsDaemon.A11ySettings.service - GNOME accessibility service.
Jun 24 18:16:53 ayush-ubuntu systemd[1984]: Reached target org.gnome.SettingsDaemon.A11ySettings.target - GNOME accessibility target.
Jun 24 18:16:53 ayush-ubuntu systemd[1984]: Started org.gnome.SettingsDaemon.Datetime.service - GNOME date & time service.
Jun 24 18:16:53 ayush-ubuntu systemd[1984]: Started org.gnome.SettingsDaemon.Sharing.service - GNOME file sharing service.
Jun 24 18:16:53 ayush-ubuntu systemd[1984]: Started org.gnome.SettingsDaemon.ScreensaverProxy.service - GNOME FreeDesktop screensaver service.
Jun 24 18:16:53 ayush-ubuntu systemd[1984]: Started org.gnome.SettingsDaemon.Housekeeping.service - GNOME maintenance of expirable data service.
Jun 24 18:16:53 ayush-ubuntu systemd[1984]: Started org.gnome.SettingsDaemon.Smartcard.service - GNOME smartcard service.
Jun 24 18:16:53 ayush-ubuntu systemd[1984]: Started app-gnome-org.gnome.SettingsDaemon.DiskUtilityNotify-2479.scope - Application launched by gnome-session-binary.
Jun 24 18:16:53 ayush-ubuntu systemd[1984]: Reached target org.gnome.SettingsDaemon.Datetime.target - GNOME date & time target.
Jun 24 18:16:53 ayush-ubuntu systemd[1984]: Reached target org.gnome.SettingsDaemon.Housekeeping.target - GNOME maintenance of expirable data target.
Jun 24 18:16:53 ayush-ubuntu systemd[1984]: Reached target org.gnome.SettingsDaemon.ScreensaverProxy.target - GNOME FreeDesktop screensaver target.
Jun 24 18:16:53 ayush-ubuntu systemd[1984]: Reached target org.gnome.SettingsDaemon.Sharing.target - GNOME file sharing target.
Jun 24 18:16:53 ayush-ubuntu systemd[1984]: Reached target org.gnome.SettingsDaemon.Smartcard.target - GNOME smartcard target.
Jun 24 18:16:53 ayush-ubuntu systemd[1984]: Started org.gnome.SettingsDaemon.Rfkill.service - GNOME RFKill support service.
Jun 24 18:16:53 ayush-ubuntu systemd[1984]: Started org.gnome.SettingsDaemon.Sound.service - GNOME sound sample caching service.
Jun 24 18:16:53 ayush-ubuntu systemd[1984]: Reached target org.gnome.SettingsDaemon.Rfkill.target - GNOME RFKill support target.
Jun 24 18:16:53 ayush-ubuntu systemd[1984]: Reached target org.gnome.SettingsDaemon.Sound.target - GNOME sound sample caching target.
Jun 24 18:16:53 ayush-ubuntu systemd[1984]: Started org.gnome.SettingsDaemon.PrintNotifications.service - GNOME printer notifications service.
Jun 24 18:16:53 ayush-ubuntu systemd[1984]: Reached target org.gnome.SettingsDaemon.PrintNotifications.target - GNOME printer notifications target.
Jun 24 18:16:54 ayush-ubuntu systemd[1984]: Started org.gnome.SettingsDaemon.Color.service - GNOME color management service.
Jun 24 18:16:54 ayush-ubuntu systemd[1984]: Started org.gnome.SettingsDaemon.Keyboard.service - GNOME keyboard configuration service.
Jun 24 18:16:54 ayush-ubuntu systemd[1984]: Reached target org.gnome.SettingsDaemon.Color.target - GNOME color management target.
Jun 24 18:16:54 ayush-ubuntu systemd[1984]: Reached target org.gnome.SettingsDaemon.Keyboard.target - GNOME keyboard configuration target.
Jun 24 18:16:54 ayush-ubuntu systemd[1984]: Started org.gnome.SettingsDaemon.Wacom.service - GNOME Wacom tablet support service.
Jun 24 18:16:54 ayush-ubuntu systemd[1984]: Reached target org.gnome.SettingsDaemon.Wacom.target - GNOME Wacom tablet support target.
Jun 24 18:16:54 ayush-ubuntu systemd[1984]: Starting org.gnome.SettingsDaemon.XSettings.service - GNOME XSettings service...
Jun 24 18:16:54 ayush-ubuntu systemd[1984]: Started org.gnome.SettingsDaemon.MediaKeys.service - GNOME keyboard shortcuts service.
Jun 24 18:16:54 ayush-ubuntu systemd[1984]: Reached target org.gnome.SettingsDaemon.MediaKeys.target - GNOME keyboard shortcuts target.
Jun 24 18:16:55 ayush-ubuntu systemd[1984]: Started org.gnome.SettingsDaemon.Power.service - GNOME power management service.
Jun 24 18:16:55 ayush-ubuntu systemd[1984]: Reached target org.gnome.SettingsDaemon.Power.target - GNOME power management target.
Jun 24 18:16:55 ayush-ubuntu systemd[1984]: Started org.gnome.SettingsDaemon.XSettings.service - GNOME XSettings service.
Jun 24 18:17:05 ayush-ubuntu systemd[1344]: Stopped snap.firmware-updater.firmware-notifier.timer - Timer firmware-notifier for snap application firmware-updater.firmware-notifier.
