Jun 24 18:16:39 ayush-ubuntu kernel: Mount-cache hash table entries: 16384 (order: 5, 131072 bytes, linear)
Jun 24 18:16:39 ayush-ubuntu kernel: Mountpoint-cache hash table entries: 16384 (order: 5, 131072 bytes, linear)
Jun 24 18:16:39 ayush-ubuntu kernel: EXT4-fs (nvme0n1p4): mounted filesystem 4947db02-b9a6-4ed2-83a9-4c7d9ea23b2e ro with ordered data mode. Quota mode: none.
Jun 24 18:16:39 ayush-ubuntu systemd[1]: Created slice system-systemd\x2dfsck.slice - Slice /system/systemd-fsck.
Jun 24 18:16:39 ayush-ubuntu systemd[1]: Set up automount proc-sys-fs-binfmt_misc.automount - Arbitrary Executable File Formats File System Automount Point.
Jun 24 18:16:39 ayush-ubuntu systemd[1]: Reached target snapd.mounts-pre.target - Mounting snaps.
Jun 24 18:16:39 ayush-ubuntu systemd[1]: Listening on systemd-fsckd.socket - fsck to fsckd communication Socket.
Jun 24 18:16:39 ayush-ubuntu systemd[1]: Mounting dev-hugepages.mount - Huge Pages File System...
Jun 24 18:16:39 ayush-ubuntu systemd[1]: Mounting dev-mqueue.mount - POSIX Message Queue File System...
Jun 24 18:16:39 ayush-ubuntu systemd[1]: Mounting sys-kernel-debug.mount - Kernel Debug File System...
Jun 24 18:16:39 ayush-ubuntu systemd[1]: Mounting sys-kernel-tracing.mount - Kernel Trace File System...
Jun 24 18:16:39 ayush-ubuntu systemd[1]: systemd-fsck-root.service - File System Check on Root Device was skipped because of an unmet condition check (ConditionPathExists=!/run/initramfs/fsck-root).
Jun 24 18:16:39 ayush-ubuntu systemd[1]: Starting systemd-remount-fs.service - Remount Root and Kernel File Systems...
Jun 24 18:16:39 ayush-ubuntu systemd[1]: Mounted dev-hugepages.mount - Huge Pages File System.
Jun 24 18:16:39 ayush-ubuntu systemd[1]: Mounted dev-mqueue.mount - POSIX Message Queue File System.
Jun 24 18:16:39 ayush-ubuntu systemd[1]: Mounted sys-kernel-debug.mount - Kernel Debug File System.
Jun 24 18:16:39 ayush-ubuntu systemd[1]: Mounted sys-kernel-tracing.mount - Kernel Trace File System.
Jun 24 18:16:39 ayush-ubuntu systemd[1]: Mounting sys-fs-fuse-connections.mount - FUSE Control File System...
Jun 24 18:16:39 ayush-ubuntu systemd[1]: Mounting sys-kernel-config.mount - Kernel Configuration File System...
Jun 24 18:16:39 ayush-ubuntu systemd[1]: Mounted sys-fs-fuse-connections.mount - FUSE Control File System.
Jun 24 18:16:39 ayush-ubuntu systemd[1]: Mounted sys-kernel-config.mount - Kernel Configuration File System.
Jun 24 18:16:39 ayush-ubuntu kernel: EXT4-fs (nvme0n1p4): re-mounted 4947db02-b9a6-4ed2-83a9-4c7d9ea23b2e r/w. Quota mode: none.
Jun 24 18:16:39 ayush-ubuntu systemd[1]: Finished systemd-remount-fs.service - Remount Root and Kernel File Systems.
Jun 24 18:16:39 ayush-ubuntu systemd[1]: Mounting snap-bare-5.mount - Mount unit for bare, revision 5...
Jun 24 18:16:39 ayush-ubuntu systemd[1]: Mounting snap-core18-2855.mount - Mount unit for core18, revision 2855...
Jun 24 18:16:39 ayush-ubuntu systemd[1]: Mounting snap-core18-2887.mount - Mount unit for core18, revision 2887...
Jun 24 18:16:39 ayush-ubuntu systemd[1]: Mounting snap-core22-1981.mount - Mount unit for core22, revision 1981...
Jun 24 18:16:39 ayush-ubuntu systemd[1]: Mounting snap-core22-2010.mount - Mount unit for core22, revision 2010...
Jun 24 18:16:39 ayush-ubuntu systemd[1]: Mounting snap-firefox-6227.mount - Mount unit for firefox, revision 6227...
Jun 24 18:16:39 ayush-ubuntu systemd[1]: Mounting snap-firefox-6316.mount - Mount unit for firefox, revision 6316...
Jun 24 18:16:39 ayush-ubuntu systemd[1]: Mounting snap-firmware\x2dupdater-127.mount - Mount unit for firmware-updater, revision 127...
Jun 24 18:16:39 ayush-ubuntu systemd[1]: Mounting snap-firmware\x2dupdater-167.mount - Mount unit for firmware-updater, revision 167...
Jun 24 18:16:39 ayush-ubuntu systemd[1]: Mounting snap-gnome\x2d42\x2d2204-176.mount - Mount unit for gnome-42-2204, revision 176...
Jun 24 18:16:39 ayush-ubuntu systemd[1]: Mounting snap-gnome\x2d42\x2d2204-202.mount - Mount unit for gnome-42-2204, revision 202...
Jun 24 18:16:39 ayush-ubuntu systemd[1]: Mounting snap-gtk\x2dcommon\x2dthemes-1535.mount - Mount unit for gtk-common-themes, revision 1535...
Jun 24 18:16:39 ayush-ubuntu systemd[1]: Mounting snap-snap\x2dstore-1248.mount - Mount unit for snap-store, revision 1248...
Jun 24 18:16:39 ayush-ubuntu systemd[1]: Mounting snap-snap\x2dstore-1270.mount - Mount unit for snap-store, revision 1270...
Jun 24 18:16:39 ayush-ubuntu systemd[1]: Mounting snap-snapd-24505.mount - Mount unit for snapd, revision 24505...
Jun 24 18:16:39 ayush-ubuntu systemd[1]: Mounting snap-snapd-24718.mount - Mount unit for snapd, revision 24718...
Jun 24 18:16:39 ayush-ubuntu systemd[1]: Mounting snap-snapd\x2ddesktop\x2dintegration-178.mount - Mount unit for snapd-desktop-integration, revision 178...
Jun 24 18:16:39 ayush-ubuntu systemd[1]: Mounting snap-snapd\x2ddesktop\x2dintegration-253.mount - Mount unit for snapd-desktop-integration, revision 253...
Jun 24 18:16:39 ayush-ubuntu systemd[1]: Mounting snap-vlc-3777.mount - Mount unit for vlc, revision 3777...
Jun 24 18:16:39 ayush-ubuntu systemd[1]: Mounted snap-bare-5.mount - Mount unit for bare, revision 5.
Jun 24 18:16:39 ayush-ubuntu systemd[1]: Mounted snap-core18-2855.mount - Mount unit for core18, revision 2855.
Jun 24 18:16:39 ayush-ubuntu systemd[1]: Mounted snap-core18-2887.mount - Mount unit for core18, revision 2887.
Jun 24 18:16:39 ayush-ubuntu systemd[1]: Mounted snap-core22-1981.mount - Mount unit for core22, revision 1981.
Jun 24 18:16:39 ayush-ubuntu systemd[1]: Mounted snap-core22-2010.mount - Mount unit for core22, revision 2010.
Jun 24 18:16:39 ayush-ubuntu systemd[1]: Mounted snap-firefox-6227.mount - Mount unit for firefox, revision 6227.
Jun 24 18:16:39 ayush-ubuntu systemd[1]: Mounted snap-firefox-6316.mount - Mount unit for firefox, revision 6316.
Jun 24 18:16:39 ayush-ubuntu systemd[1]: Mounted snap-firmware\x2dupdater-127.mount - Mount unit for firmware-updater, revision 127.
Jun 24 18:16:39 ayush-ubuntu systemd[1]: Mounted snap-firmware\x2dupdater-167.mount - Mount unit for firmware-updater, revision 167.
Jun 24 18:16:39 ayush-ubuntu systemd[1]: Mounted snap-gnome\x2d42\x2d2204-176.mount - Mount unit for gnome-42-2204, revision 176.
Jun 24 18:16:39 ayush-ubuntu systemd[1]: Mounted snap-gnome\x2d42\x2d2204-202.mount - Mount unit for gnome-42-2204, revision 202.
Jun 24 18:16:39 ayush-ubuntu systemd[1]: Mounted snap-gtk\x2dcommon\x2dthemes-1535.mount - Mount unit for gtk-common-themes, revision 1535.
Jun 24 18:16:39 ayush-ubuntu systemd[1]: Mounted snap-snap\x2dstore-1248.mount - Mount unit for snap-store, revision 1248.
Jun 24 18:16:39 ayush-ubuntu systemd[1]: Mounted snap-snap\x2dstore-1270.mount - Mount unit for snap-store, revision 1270.
Jun 24 18:16:39 ayush-ubuntu systemd[1]: Mounted snap-snapd-24505.mount - Mount unit for snapd, revision 24505.
Jun 24 18:16:39 ayush-ubuntu systemd[1]: Mounted snap-snapd-24718.mount - Mount unit for snapd, revision 24718.
Jun 24 18:16:39 ayush-ubuntu systemd[1]: Mounted snap-snapd\x2ddesktop\x2dintegration-178.mount - Mount unit for snapd-desktop-integration, revision 178.
Jun 24 18:16:39 ayush-ubuntu systemd[1]: Mounted snap-snapd\x2ddesktop\x2dintegration-253.mount - Mount unit for snapd-desktop-integration, revision 253.
Jun 24 18:16:39 ayush-ubuntu systemd[1]: Mounted snap-vlc-3777.mount - Mount unit for vlc, revision 3777.
Jun 24 18:16:39 ayush-ubuntu systemd[1]: Reached target snapd.mounts.target - Mounted snaps.
Jun 24 18:16:39 ayush-ubuntu (udev-worker)[494]: nvme0n1: Process '/usr/bin/unshare -m /usr/bin/snap auto-import --mount=/dev/nvme0n1' failed with exit code 1.
Jun 24 18:16:39 ayush-ubuntu (udev-worker)[478]: nvme0n1p4: Process '/usr/bin/unshare -m /usr/bin/snap auto-import --mount=/dev/nvme0n1p4' failed with exit code 1.
Jun 24 18:16:39 ayush-ubuntu (udev-worker)[490]: nvme0n1p2: Process '/usr/bin/unshare -m /usr/bin/snap auto-import --mount=/dev/nvme0n1p2' failed with exit code 1.
Jun 24 18:16:39 ayush-ubuntu (udev-worker)[491]: nvme0n1p5: Process '/usr/bin/unshare -m /usr/bin/snap auto-import --mount=/dev/nvme0n1p5' failed with exit code 1.
Jun 24 18:16:39 ayush-ubuntu (udev-worker)[494]: nvme0n1p1: Process '/usr/bin/unshare -m /usr/bin/snap auto-import --mount=/dev/nvme0n1p1' failed with exit code 1.
Jun 24 18:16:40 ayush-ubuntu (udev-worker)[524]: nvme0n1p3: Process '/usr/bin/unshare -m /usr/bin/snap auto-import --mount=/dev/nvme0n1p3' failed with exit code 1.
Jun 24 18:16:40 ayush-ubuntu systemd[1]: Starting systemd-fsck@dev-disk-by\x2duuid-12B5\x2d4DD1.service - File System Check on /dev/disk/by-uuid/12B5-4DD1...
Jun 24 18:16:40 ayush-ubuntu systemd[1]: Started systemd-fsckd.service - File System Check Daemon to report status.
Jun 24 18:16:40 ayush-ubuntu systemd[1]: systemd-fsck-root.service - File System Check on Root Device was skipped because of an unmet condition check (ConditionPathExists=!/run/initramfs/fsck-root).
Jun 24 18:16:40 ayush-ubuntu systemd-fsck[555]: fsck.fat 4.2 (2021-01-31)
Jun 24 18:16:40 ayush-ubuntu systemd-fsck[555]: /dev/nvme0n1p1: 249 files, 24031/65536 clusters
Jun 24 18:16:40 ayush-ubuntu systemd[1]: Finished systemd-fsck@dev-disk-by\x2duuid-12B5\x2d4DD1.service - File System Check on /dev/disk/by-uuid/12B5-4DD1.
Jun 24 18:16:40 ayush-ubuntu systemd[1]: systemd-fsck-root.service - File System Check on Root Device was skipped because of an unmet condition check (ConditionPathExists=!/run/initramfs/fsck-root).
Jun 24 18:16:43 ayush-ubuntu systemd[1]: Mounting boot-efi.mount - /boot/efi...
Jun 24 18:16:43 ayush-ubuntu systemd[1]: systemd-fsck-root.service - File System Check on Root Device was skipped because of an unmet condition check (ConditionPathExists=!/run/initramfs/fsck-root).
Jun 24 18:16:43 ayush-ubuntu systemd[1]: Mounted boot-efi.mount - /boot/efi.
Jun 24 18:16:43 ayush-ubuntu systemd[1]: proc-sys-fs-binfmt_misc.automount: Got automount request for /proc/sys/fs/binfmt_misc, triggered by 669 (systemd-binfmt)
Jun 24 18:16:43 ayush-ubuntu systemd[1]: Mounting proc-sys-fs-binfmt_misc.mount - Arbitrary Executable File Formats File System...
Jun 24 18:16:43 ayush-ubuntu systemd[1]: Mounted proc-sys-fs-binfmt_misc.mount - Arbitrary Executable File Formats File System.
Jun 24 18:16:43 ayush-ubuntu systemd[1]: systemd-machine-id-commit.service - Commit a transient machine-id on disk was skipped because of an unmet condition check (ConditionPathIsMountPoint=/etc/machine-id).
Jun 24 18:16:43 ayush-ubuntu systemd[1]: Started e2scrub_all.timer - Periodic ext4 Online Metadata Check for All Filesystems.
Jun 24 18:16:44 ayush-ubuntu systemd[1]: Starting e2scrub_reap.service - Remove Stale Online ext4 Metadata Check Snapshots...
Jun 24 18:16:44 ayush-ubuntu systemd[1]: Finished e2scrub_reap.service - Remove Stale Online ext4 Metadata Check Snapshots.
Jun 24 18:16:46 ayush-ubuntu systemd[1]: tmp-syscheck\x2dmountpoint\x2d1486571752.mount: Deactivated successfully.
Jun 24 18:16:55 ayush-ubuntu tracker-miner-fs-3[3146]: (tracker-extract-3:3146): GLib-GIO-WARNING **: 18:16:55.932: Error creating IO channel for /proc/self/mountinfo: Invalid argument (g-io-error-quark, 13)
Jun 24 18:17:05 ayush-ubuntu systemd[1]: run-user-120-doc.mount: Deactivated successfully.
Jun 24 18:17:05 ayush-ubuntu systemd[1]: run-user-120.mount: Deactivated successfully.
Jun 24 18:17:10 ayush-ubuntu systemd[1]: systemd-fsckd.service: Deactivated successfully.
